git SESSION STARTED -- Wed Apr 16 13:09:17 2025
SESSION STARTED -- Wed Apr 16 14:41:59 2025
SESSION STARTED -- Wed Apr 16 14:44:04 2025
SESSION STARTED -- Wed Apr 16 14:46:19 2025
SESSION STARTED -- Thu Apr 17 20:22:57 2025
SESSION STARTED -- Fri Apr 18 10:47:08 2025
SESSION STARTED -- Fri Apr 18 10:48:42 2025
SESSION STARTED -- Fri Apr 18 10:52:11 2025
SESSION STARTED -- Fri Apr 18 10:53:07 2025
SESSION STARTED -- Fri Apr 18 10:55:44 2025
SESSION STARTED -- Fri Apr 18 10:59:27 2025
SESSION STARTED -- Fri Apr 18 11:01:12 2025
SESSION STARTED -- Fri Apr 18 11:02:40 2025
SESSION STARTED -- Fri Apr 18 11:03:29 2025
SESSION STARTED -- Fri Apr 18 11:04:58 2025
SESSION STARTED -- Fri Apr 18 11:06:36 2025
SESSION STARTED -- Fri Apr 18 11:07:40 2025
SESSION STARTED -- Fri Apr 18 11:10:18 2025
SESSION STARTED -- Fri Apr 18 11:12:02 2025
SESSION STARTED -- Fri Apr 18 11:15:01 2025
SESSION STARTED -- Fri Apr 18 11:15:41 2025
SESSION STARTED -- Fri Apr 18 11:53:19 2025
SESSION STARTED -- Fri Apr 18 13:29:20 2025
SESSION STARTED -- Fri Apr 18 13:30:40 2025
SESSION STARTED -- Fri Apr 18 13:33:22 2025
SESSION STARTED -- Fri Apr 18 13:35:54 2025
SESSION STARTED -- Fri Apr 18 13:38:49 2025
SESSION STARTED -- Fri Apr 18 13:43:18 2025
SESSION STARTED -- Fri Apr 18 13:54:41 2025
SESSION STARTED -- Fri Apr 18 13:55:55 2025
SESSION STARTED -- Fri Apr 18 13:58:17 2025
SESSION STARTED -- Fri Apr 18 13:58:40 2025
SESSION STARTED -- Fri Apr 18 13:58:53 2025
SESSION STARTED -- Fri Apr 18 14:00:10 2025
SESSION STARTED -- Fri Apr 18 14:04:29 2025
SESSION STARTED -- Fri Apr 18 14:05:30 2025
SESSION STARTED -- Fri Apr 18 14:05:51 2025
SESSION STARTED -- Fri Apr 18 14:06:19 2025
SESSION STARTED -- Fri Apr 18 14:08:14 2025
SESSION STARTED -- Fri Apr 18 14:09:23 2025
SESSION STARTED -- Fri Apr 18 14:10:15 2025
SESSION STARTED -- Fri Apr 18 14:11:29 2025
SESSION STARTED -- Fri Apr 18 14:12:30 2025
SESSION STARTED -- Fri Apr 18 14:14:06 2025
SESSION STARTED -- Fri Apr 18 14:47:42 2025
SESSION STARTED -- Fri Apr 18 14:47:42 2025
SESSION STARTED -- Fri Apr 18 15:05:19 2025
SESSION STARTED -- Fri Apr 18 15:05:36 2025
SESSION STARTED -- Fri Apr 18 15:06:33 2025
SESSION STARTED -- Fri Apr 18 15:11:07 2025
SESSION STARTED -- Fri Apr 18 15:12:11 2025
SESSION STARTED -- Fri Apr 18 15:12:48 2025
SESSION STARTED -- Fri Apr 18 15:16:18 2025
SESSION STARTED -- Fri Apr 18 15:17:14 2025
SESSION STARTED -- Fri Apr 18 15:17:14 2025
SESSION STARTED -- Fri Apr 18 15:19:08 2025
SESSION STARTED -- Fri Apr 18 15:19:16 2025
SESSION STARTED -- Fri Apr 18 15:19:16 2025
SESSION STARTED -- Fri Apr 18 15:20:56 2025
SESSION STARTED -- Fri Apr 18 15:20:56 2025
SESSION STARTED -- Fri Apr 18 15:23:10 2025
SESSION STARTED -- Fri Apr 18 15:23:10 2025
SESSION STARTED -- Fri Apr 18 15:23:52 2025
SESSION STARTED -- Sat Apr 19 09:37:21 2025
SESSION STARTED -- Sat Apr 19 09:37:21 2025
SESSION STARTED -- Sat Apr 19 09:37:21 2025
SESSION STARTED -- Sat Apr 19 09:45:51 2025
SESSION STARTED -- Sat Apr 19 09:45:51 2025
SESSION STARTED -- Sat Apr 19 09:46:19 2025
SESSION STARTED -- Sat Apr 19 09:46:39 2025
SESSION STARTED -- Sat Apr 19 09:46:39 2025
SESSION STARTED -- Sat Apr 19 09:47:45 2025
SESSION STARTED -- Sat Apr 19 09:47:45 2025
SESSION STARTED -- Sat Apr 19 09:48:00 2025
SESSION STARTED -- Sat Apr 19 09:48:00 2025
SESSION STARTED -- Sat Apr 19 09:49:30 2025
SESSION STARTED -- Sat Apr 19 09:49:30 2025
SESSION STARTED -- Sat Apr 19 09:50:35 2025
SESSION STARTED -- Sat Apr 19 09:50:35 2025
SESSION STARTED -- Sat Apr 19 09:51:33 2025
SESSION STARTED -- Sat Apr 19 09:51:33 2025
SESSION STARTED -- Sat Apr 19 09:52:47 2025
SESSION STARTED -- Sat Apr 19 09:52:47 2025
SESSION STARTED -- Sat Apr 19 09:52:47 2025
SESSION STARTED -- Sat Apr 19 09:53:05 2025
SESSION STARTED -- Sat Apr 19 09:53:05 2025
SESSION STARTED -- Sat Apr 19 09:54:16 2025
SESSION STARTED -- Sat Apr 19 09:54:16 2025
SESSION STARTED -- Sat Apr 19 09:55:47 2025
SESSION STARTED -- Sat Apr 19 09:55:47 2025
SESSION STARTED -- Sat Apr 19 10:01:29 2025
SESSION STARTED -- Sat Apr 19 10:01:29 2025
SESSION STARTED -- Sat Apr 19 10:03:40 2025
SESSION STARTED -- Sat Apr 19 10:03:40 2025
SESSION STARTED -- Sat Apr 19 10:05:23 2025
SESSION STARTED -- Sat Apr 19 10:05:23 2025
SESSION STARTED -- Sat Apr 19 10:50:33 2025
SESSION STARTED -- Sat Apr 19 11:48:40 2025
SESSION STARTED -- Sat Apr 19 11:49:45 2025
SESSION STARTED -- Sat Apr 19 11:50:10 2025
SESSION STARTED -- Sat Apr 19 11:50:55 2025
SESSION STARTED -- Sat Apr 19 11:52:01 2025
SESSION STARTED -- Sat Apr 19 16:04:00 2025
SESSION STARTED -- Sat Apr 19 16:04:06 2025
SESSION STARTED -- Sat Apr 19 16:46:16 2025
SESSION STARTED -- Sat Apr 19 16:51:00 2025
SESSION STARTED -- Sat Apr 19 16:54:49 2025
SESSION STARTED -- Sat Apr 19 16:55:26 2025
SESSION STARTED -- Sat Apr 19 17:16:00 2025
